0:0:0:0:0:0:0:1 - - [10/Jun/2024:01:48:17 +0700] "GET /api/user/create HTTP/1.1" 403 128
0:0:0:0:0:0:0:1 - - [10/Jun/2024:01:50:10 +0700] "GET /api/user/create HTTP/1.1" 403 128
0:0:0:0:0:0:0:1 - - [10/Jun/2024:01:51:05 +0700] "GET /api/user/create HTTP/1.1" 404 -
0:0:0:0:0:0:0:1 - - [10/Jun/2024:01:51:24 +0700] "POST /api/user/create HTTP/1.1" 400 -
0:0:0:0:0:0:0:1 - - [10/Jun/2024:01:52:13 +0700] "POST /api/user/create HTTP/1.1" 400 -
0:0:0:0:0:0:0:1 - - [10/Jun/2024:02:01:12 +0700] "POST /api/user/create HTTP/1.1" 400 -
0:0:0:0:0:0:0:1 - - [10/Jun/2024:02:01:21 +0700] "POST /api/user/create HTTP/1.1" 400 -
0:0:0:0:0:0:0:1 - - [10/Jun/2024:02:02:04 +0700] "POST /api/user/create HTTP/1.1" 200 37
0:0:0:0:0:0:0:1 - - [10/Jun/2024:02:05:16 +0700] "POST /api/order/submit/test123 HTTP/1.1" 404 -
0:0:0:0:0:0:0:1 - - [10/Jun/2024:02:05:19 +0700] "POST /api/order/submit/test HTTP/1.1" 200 77
0:0:0:0:0:0:0:1 - - [10/Jun/2024:02:24:33 +0700] "POST /api/user/create HTTP/1.1" 400 -
0:0:0:0:0:0:0:1 - - [10/Jun/2024:02:24:34 +0700] "POST /api/user/create HTTP/1.1" 400 -
0:0:0:0:0:0:0:1 - - [10/Jun/2024:02:24:34 +0700] "POST /api/user/create HTTP/1.1" 400 -
0:0:0:0:0:0:0:1 - - [10/Jun/2024:02:24:34 +0700] "POST /api/user/create HTTP/1.1" 400 -
0:0:0:0:0:0:0:1 - - [10/Jun/2024:02:24:36 +0700] "POST /api/user/create HTTP/1.1" 400 -
0:0:0:0:0:0:0:1 - - [10/Jun/2024:02:24:37 +0700] "POST /api/user/create HTTP/1.1" 400 -
0:0:0:0:0:0:0:1 - - [10/Jun/2024:02:24:37 +0700] "POST /api/user/create HTTP/1.1" 400 -
0:0:0:0:0:0:0:1 - - [10/Jun/2024:02:24:38 +0700] "POST /api/user/create HTTP/1.1" 400 -
0:0:0:0:0:0:0:1 - - [10/Jun/2024:02:24:38 +0700] "POST /api/user/create HTTP/1.1" 400 -
0:0:0:0:0:0:0:1 - - [10/Jun/2024:02:24:39 +0700] "POST /api/user/create HTTP/1.1" 400 -
0:0:0:0:0:0:0:1 - - [10/Jun/2024:02:24:39 +0700] "POST /api/user/create HTTP/1.1" 400 -
0:0:0:0:0:0:0:1 - - [10/Jun/2024:02:24:40 +0700] "POST /api/user/create HTTP/1.1" 400 -
0:0:0:0:0:0:0:1 - - [10/Jun/2024:02:24:44 +0700] "POST /api/user/create HTTP/1.1" 200 38
